=== Two API replicas, one PostgreSQL database ===
 Network simplecrm-audit-multi_default  Creating
 Network simplecrm-audit-multi_default  Created
 Volume simplecrm-audit-multi_postgres_data  Creating
 Volume simplecrm-audit-multi_postgres_data  Created
 Container simplecrm-audit-multi-postgres-1  Creating
 Container simplecrm-audit-multi-postgres-1  Created
 Container simplecrm-audit-multi-migrate-1  Creating
 Container simplecrm-audit-multi-migrate-1  Created
 Container simplecrm-audit-multi-postgres-1  Starting
 Container simplecrm-audit-multi-postgres-1  Started
 Container simplecrm-audit-multi-postgres-1  Waiting
 Container simplecrm-audit-multi-postgres-1  Healthy
 Container simplecrm-audit-multi-migrate-1  Starting
 Container simplecrm-audit-multi-migrate-1  Started
Replica A and B: ready
Initial owner created on replica A
TOTP enrollment persisted through workspace RLS
Database user state: true:totp
CAPTCHA consumed on A and rejected as replay on B
MFA limit shared across A/B: five invalid, sixth blocked, DB count 5
Concurrent refresh rotation across A/B: exactly one 200 and one 401
RESULT: PASS
simplecrm-audit-multi-api-a
simplecrm-audit-multi-api-b
 Container simplecrm-audit-multi-migrate-1  Stopping
 Container simplecrm-audit-multi-migrate-1  Stopped
 Container simplecrm-audit-multi-migrate-1  Removing
 Container simplecrm-audit-multi-migrate-1  Removed
 Container simplecrm-audit-multi-postgres-1  Stopping
 Container simplecrm-audit-multi-postgres-1  Stopped
 Container simplecrm-audit-multi-postgres-1  Removing
 Container simplecrm-audit-multi-postgres-1  Removed
 Volume simplecrm-audit-multi_postgres_data  Removing
 Network simplecrm-audit-multi_default  Removing
 Volume simplecrm-audit-multi_postgres_data  Removed
 Network simplecrm-audit-multi_default  Removed
