Running one project: unit
FAIL unit tests/unit/mail-delegation-panel.test.tsx
  ● MailDelegationPanel › loads every bounded delegation page in cursor order

    Unable to find an element with the text: Bob. This could be because the text is broken up by multiple elements. In this case, you can provide a function for your text matcher to make your matcher more flexible.

    Ignored nodes: comments, script, style
    <body>
      <div>
        <section
          class="space-y-6"
        >
          <div
            class="space-y-1"
          >
            <h2
              class="text-lg font-semibold tracking-tight"
            >
              Mailbox-Delegation
            </h2>
            <p
              class="text-sm text-muted-foreground"
            >
              Serverseitige Konten- und Ordnerrechte für Benutzer und Gruppen.
            </p>
          </div>
          <div
            class="space-y-4 rounded-md border p-4"
          >
            <div
              class="grid gap-3 sm:grid-cols-2"
            >
              <label
                class="space-y-1 text-sm font-medium"
              >
                Konto
                <select
                  class="h-9 w-full rounded-md border bg-background px-3 text-sm"
                >
                  <option
                    value="101"
                  >
                    Support
                  </option>
                </select>
              </label>
              <label
                class="space-y-1 text-sm font-medium"
              >
                Ressource
                <select
                  class="h-9 w-full rounded-md border bg-background px-3 text-sm"
                >
                  <option
                    value="account"
                  >
                    Ganzes Konto
                  </option>
                  <option
                    value="folder"
                  >
                    Ordner
                  </option>
                </select>
              </label>
              <label
                class="space-y-1 text-sm font-medium"
              >
                Subjekt
                <select
                  class="h-9 w-full rounded-md border bg-background px-3 text-sm"
                >
                  <option
                    value="user"
                  >
                    Benutzer
                  </option>
                  <option
                    value="group"
                  >
                    Gruppe
                  </option>
                </select>
              </label>
              <label
                class="space-y-1 text-sm font-medium"
              >
                Auswahl
                <select
                  class="h-9 w-full rounded-md border bg-background px-3 text-sm"
                >
                  <option
                    value="user-1"
                  >
                    Alice
                  </option>
                </select>
              </label>
            </div>
            <label
              class="block space-y-1 text-sm font-medium"
            >
              Profil
              <select
                aria-label="Profil"
                class="h-9 w-full rounded-md border bg-background px-3 text-sm"
              >
                <option
                  value="viewer"
                >
                  Lesen
                </option>
                <option
                  value="triage"
                >
                  Triage
                </option>
                <option
                  value="editor"
                >
                  Bearbeiten
                </option>
                <option
                  value="sender"
                >
                  Senden
                </option>
                <option
                  value="manager"
                >
                  Verwalten
                </option>
                <option
                  value="custom"
                >
                  Benutzerdefiniert
                </option>
              </select>
            </label>
            <div
              class="grid gap-2 sm:grid-cols-2"
            >
              <label
                class="flex min-h-9 items-center gap-2 rounded-md border px-3 text-sm"
              >
                <input
                  checked=""
                  type="checkbox"
                />
                <span>
                  Metadaten lesen
                </span>
              </label>
              <label
                class="flex min-h-9 items-center gap-2 rounded-md border px-3 text-sm"
              >
                <input
                  checked=""
                  type="checkbox"
                />
                <span>
                  Inhalt lesen
                </span>
              </label>
              <label
                class="flex min-h-9 items-center gap-2 rounded-md border px-3 text-sm"
              >
                <input
                  checked=""
                  type="checkbox"
                />
                <span>
                  Anhänge lesen
                </span>
              </label>
              <label
                class="flex min-h-9 items-center gap-2 rounded-md border px-3 text-sm"
              >
                <input
                  type="checkbox"
                />
                <span>
                  Verdächtige Anhänge laden
                </span>
              </label>
              <label
                class="flex min-h-9 items-center gap-2 rounded-md border px-3 text-sm"
              >
                <input
                  type="checkbox"
                />
                <span>
                  Triage
                </span>
              </label>
              <label
                class="flex min-h-9 items-center gap-2 rounded-md border px-3 text-sm"
              >
                <input
                  type="checkbox"
                />
                <span>
                  Kommentieren
                </span>
              </label>
              <label
                class="flex min-h-9 items-center gap-2 rounded-md border px-3 text-sm"
              >
                <input
                  type="checkbox"
                />
                <span>
                  Entwurf erstellen
                </span>
              </label>
              <label
                class="flex min-h-9 items-center gap-2 rounded-md border px-3 text-sm"
              >
                <input
                  type="checkbox"
                />
                <span>
                  Entwurf bearbeiten
                </span>
              </label>
              <label
                class="flex min-h-9 items-center gap-2 rounded-md border px-3 text-sm"
              >
                <input
                  type="checkbox"
                />
                <span>
                  Senden
                </span>
              </label>
              <label
                class="flex min-h-9 items-center gap-2 rounded-md border px-3 text-sm"
              >
                <input
                  type="checkbox"
                />
                <span>
                  Als Konto senden
                </span>
              </label>
              <label
                class="flex min-h-9 items-center gap-2 rounded-md border px-3 text-sm"
              >
                <input
                  type="checkbox"
                />
                <span>
                  Löschen
                </span>
              </label>
              <label
                class="flex min-h-9 items-center gap-2 rounded-md border px-3 text-sm"
              >
                <input
                  type="checkbox"
                />
                <span>
                  Exportieren
                </span>
              </label>
              <label
                class="flex min-h-9 items-center gap-2 rounded-md border px-3 text-sm"
              >
                <input
                  type="checkbox"
                />
                <span>
                  Konto verwalten
                </span>
              </label>
              <label
                class="flex min-h-9 items-center gap-2 rounded-md border px-3 text-sm"
              >
                <input
                  type="checkbox"
                />
                <span>
                  Delegation verwalten
                </span>
              </label>
            </div>
            <div
              class="flex items-center gap-2"
            >
              <button
                class="inline-flex items-center justify-center gap-2 whitespace-nowrap rounded-md text-sm font-medium ring-offset-background transition-colors focus-visible:outline-none focus-visible:ring-2 focus-visible:ring-ring focus-visible:ring-offset-2 disabled:pointer-events-none disabled:opacity-50 [&_svg]:pointer-events-none [&_svg]:size-4 [&_svg]:shrink-0 bg-primary text-primary-foreground hover:bg-primary/90 h-10 px-4 py-2"
                type="button"
              >
                <svg
                  aria-hidden="true"
                  class="lucide lucide-save mr-2 h-4 w-4"
                  fill="none"
                  height="24"
                  stroke="currentColor"
                  stroke-linecap="round"
                  stroke-linejoin="round"
                  stroke-width="2"
                  viewBox="0 0 24 24"
                  width="24"
                  xmlns="http://www.w3.org/2000/svg"
                >
                  <path
                    d="M15.2 3a2 2 0 0 1 1.4.6l3.8 3.8a2 2 0 0 1 .6 1.4V19a2 2 0 0 1-2 2H5a2 2 0 0 1-2-2V5a2 2 0 0 1 2-2z"
                  />
                  <path
                    d="M17 21v-7a1 1 0 0 0-1-1H8a1 1 0 0 0-1 1v7"
                  />
                  <path
                    d="M7 3v4a1 1 0 0 0 1 1h7"
                  />
                </svg>
                Berechtigung speichern
              </button>
              <button
                class="inline-flex items-center justify-center gap-2 whitespace-nowrap rounded-md text-sm font-medium ring-offset-background transition-colors focus-visible:outline-none focus-visible:ring-2 focus-visible:ring-ring focus-visible:ring-offset-2 disabled:pointer-events-none disabled:opacity-50 [&_svg]:pointer-events-none [&_svg]:size-4 [&_svg]:shrink-0 hover:bg-accent hover:text-accent-foreground h-10 px-4 py-2"
                type="button"
              >
                <svg
                  aria-hidden="true"
                  class="lucide lucide-refresh-cw mr-2 h-4 w-4"
                  fill="none"
                  height="24"
                  stroke="currentColor"
                  stroke-linecap="round"
                  stroke-linejoin="round"
                  stroke-width="2"
                  viewBox="0 0 24 24"
                  width="24"
                  xmlns="http://www.w3.org/2000/svg"
                >
                  <path
                    d="M3 12a9 9 0 0 1 9-9 9.75 9.75 0 0 1 6.74 2.74L21 8"
                  />
                  <path
                    d="M21 3v5h-5"
                  />
                  <path
                    d="M21 12a9 9 0 0 1-9 9 9.75 9.75 0 0 1-6.74-2.74L3 16"
                  />
                  <path
                    d="M8 16H3v5"
                  />
                </svg>
                Aktualisieren
              </button>
            </div>
          </div>
          <div
            class="space-y-2"
          >
            <div
              class="flex items-center justify-between gap-3 rounded-md border p-3"
            >
              <button
                class="min-w-0 text-left"
                type="button"
              >
                <p
                  class="truncate text-sm font-medium"
                >
                  Alice
                </p>
                <p
                  class="truncate text-xs text-muted-foreground"
                >
                  Support
                   ·
                  Metadaten lesen
                </p>
              </button>
              <button
                aria-label="Löschen Alice"
                class="inline-flex items-center justify-center gap-2 whitespace-nowrap rounded-md text-sm font-medium ring-offset-background transition-colors focus-visible:outline-none focus-visible:ring-2 focus-visible:ring-ring focus-visible:ring-offset-2 disabled:pointer-events-none disabled:opacity-50 [&_svg]:pointer-events-none [&_svg]:size-4 [&_svg]:shrink-0 hover:bg-accent hover:text-accent-foreground h-10 w-10"
                type="button"
              >
                <svg
                  aria-hidden="true"
                  class="lucide lucide-trash2 lucide-trash-2 h-4 w-4"
                  fill="none"
                  height="24"
                  stroke="currentColor"
                  stroke-linecap="round"
                  stroke-linejoin="round"
                  stroke-width="2"
                  viewBox="0 0 24 24"
                  width="24"
                  xmlns="http://www.w3.org/2000/svg"
                >
                  <path
                    d="M10 11v6"
                  />
                  <path
                    d="M14 11v6"
                  />
                  <path
                    d="M19 6v14a2 2 0 0 1-2 2H7a2 2 0 0 1-2-2V6"
                  />
                  <path
                    d="M3 6h18"
                  />
                  <path
                    d="M8 6V4a2 2 0 0 1 2-2h4a2 2 0 0 1 2 2v2"
                  />
                </svg>
              </button>
            </div>
          </div>
        </section>
      </div>
    </body>

      115 |     render(<MailDelegationPanel />);
      116 |
    > 117 |     expect(await screen.findByText('Bob')).toBeTruthy();
          |                         ^
      118 |     expect(mockInvoke).toHaveBeenCalledWith('email:list-mail-delegation-bindings', { cursor: 900, limit: 100 });
      119 |   });
      120 |

      at waitForWrapper (node_modules/.pnpm/@testing-library+dom@10.4.1/node_modules/@testing-library/dom/dist/wait-for.js:163:27)
      at node_modules/.pnpm/@testing-library+dom@10.4.1/node_modules/@testing-library/dom/dist/query-helpers.js:86:33
      at Object.findByText (tests/unit/mail-delegation-panel.test.tsx:117:25)

  ● MailDelegationPanel › keeps only the newest authorized resource state after racing ACL refreshes

    expect(element).toHaveValue(203)

    Expected the element to have value:
      203
    Received:
      undefined

      146 |
      147 |     await waitFor(() => expect(screen.getByLabelText('Konto')).toHaveValue('102'));
    > 148 |     expect(screen.getByLabelText('Ordner')).toHaveValue('203');
          |                                             ^
      149 |     expect(screen.queryByRole('button', { name: 'Abbrechen' })).toBeNull();
      150 |
      151 |     fireEvent.click(screen.getByRole('button', { name: 'Berechtigung speichern' }));

      at Object.toHaveValue (tests/unit/mail-delegation-panel.test.tsx:148:45)

Test Suites: 1 failed, 1 total
Tests:       2 failed, 2 passed, 4 total
Snapshots:   0 total
Time:        2.477 s
Ran all test suites within paths "tests/unit/mail-delegation-panel.test.tsx".
