Running one project: unit
FAIL unit tests/unit/mail-delegation-panel.test.tsx
  ● MailDelegationPanel › fails closed on ACL refresh errors, ignores late responses, and recovers only after full retry

    TestingLibraryElementError: Unable to find an accessible element with the role "option" and name "Account 101"

    Here are the accessible roles:

      heading:

      Name "Mailbox-Delegation":
      <h2
        class="text-lg font-semibold tracking-tight"
      />

      --------------------------------------------------
      paragraph:

      Name "":
      <p
        class="text-sm text-muted-foreground"
      />

      Name "":
      <p
        class="text-sm text-muted-foreground"
      />

      --------------------------------------------------
      combobox:

      Name "Konto":
      <select
        class="h-9 w-full rounded-md border bg-background px-3 text-sm"
      />

      Name "Ressource":
      <select
        class="h-9 w-full rounded-md border bg-background px-3 text-sm"
      />

      Name "Subjekt":
      <select
        class="h-9 w-full rounded-md border bg-background px-3 text-sm"
      />

      Name "Auswahl":
      <select
        class="h-9 w-full rounded-md border bg-background px-3 text-sm"
      />

      Name "Profil":
      <select
        aria-label="Profil"
        class="h-9 w-full rounded-md border bg-background px-3 text-sm"
      />

      --------------------------------------------------
      option:

      Name "Account 102":
      <option
        value="102"
      />

      Name "Ganzes Konto":
      <option
        value="account"
      />

      Name "Ordner":
      <option
        value="folder"
      />

      Name "Benutzer":
      <option
        value="user"
      />

      Name "Gruppe":
      <option
        value="group"
      />

      Name "Alice":
      <option
        value="user-1"
      />

      Name "Lesen":
      <option
        value="viewer"
      />

      Name "Triage":
      <option
        value="triage"
      />

      Name "Bearbeiten":
      <option
        value="editor"
      />

      Name "Senden":
      <option
        value="sender"
      />

      Name "Verwalten":
      <option
        value="manager"
      />

      Name "Benutzerdefiniert":
      <option
        value="custom"
      />

      --------------------------------------------------
      checkbox:

      Name "Metadaten lesen":
      <input
        type="checkbox"
      />

      Name "Inhalt lesen":
      <input
        type="checkbox"
      />

      Name "Anhänge lesen":
      <input
        type="checkbox"
      />

      Name "Verdächtige Anhänge laden":
      <input
        type="checkbox"
      />

      Name "Triage":
      <input
        type="checkbox"
      />

      Name "Kommentieren":
      <input
        type="checkbox"
      />

      Name "Entwurf erstellen":
      <input
        type="checkbox"
      />

      Name "Entwurf bearbeiten":
      <input
        type="checkbox"
      />

      Name "Senden":
      <input
        type="checkbox"
      />

      Name "Als Konto senden":
      <input
        type="checkbox"
      />

      Name "Löschen":
      <input
        type="checkbox"
      />

      Name "Exportieren":
      <input
        type="checkbox"
      />

      Name "Konto verwalten":
      <input
        type="checkbox"
      />

      Name "Delegation verwalten":
      <input
        type="checkbox"
      />

      --------------------------------------------------
      button:

      Name "Berechtigung speichern":
      <button
        class="inline-flex items-center justify-center gap-2 whitespace-nowrap rounded-md text-sm font-medium ring-offset-background transition-colors focus-visible:outline-none focus-visible:ring-2 focus-visible:ring-ring focus-visible:ring-offset-2 disabled:pointer-events-none disabled:opacity-50 [&_svg]:pointer-events-none [&_svg]:size-4 [&_svg]:shrink-0 bg-primary text-primary-foreground hover:bg-primary/90 h-10 px-4 py-2"
        type="button"
      />

      Name "Aktualisieren":
      <button
        class="inline-flex items-center justify-center gap-2 whitespace-nowrap rounded-md text-sm font-medium ring-offset-background transition-colors focus-visible:outline-none focus-visible:ring-2 focus-visible:ring-ring focus-visible:ring-offset-2 disabled:pointer-events-none disabled:opacity-50 [&_svg]:pointer-events-none [&_svg]:size-4 [&_svg]:shrink-0 hover:bg-accent hover:text-accent-foreground h-10 px-4 py-2"
        type="button"
      />

      --------------------------------------------------

    Ignored nodes: comments, script, style
    <body>
      <div>
        <section
          class="space-y-6"
        >
          <div
            class="space-y-1"
          >
            <h2
              class="text-lg font-semibold tracking-tight"
            >
              Mailbox-Delegation
            </h2>
            <p
              class="text-sm text-muted-foreground"
            >
              Serverseitige Konten- und Ordnerrechte für Benutzer und Gruppen.
            </p>
          </div>
          <div
            class="space-y-4 rounded-md border p-4"
          >
            <div
              class="grid gap-3 sm:grid-cols-2"
            >
              <label
                class="space-y-1 text-sm font-medium"
              >
                Konto
                <select
                  class="h-9 w-full rounded-md border bg-background px-3 text-sm"
                >
                  <option
                    value="102"
                  >
                    Account 102
                  </option>
                </select>
              </label>
              <label
                class="space-y-1 text-sm font-medium"
              >
                Ressource
                <select
                  class="h-9 w-full rounded-md border bg-background px-3 text-sm"
                >
                  <option
                    value="account"
                  >
                    Ganzes Konto
                  </option>
                  <option
                    value="folder"
                  >
                    Ordner
                  </option>
                </select>
              </label>
              <label
                class="space-y-1 text-sm font-medium"
              >
                Subjekt
                <select
                  class="h-9 w-full rounded-md border bg-background px-3 text-sm"
                >
                  <option
                    value="user"
                  >
                    Benutzer
                  </option>
                  <option
                    value="group"
                  >
                    Gruppe
                  </option>
                </select>
              </label>
              <label
                class="space-y-1 text-sm font-medium"
              >
                Auswahl
                <select
                  class="h-9 w-full rounded-md border bg-background px-3 text-sm"
                >
                  <option
                    value="user-1"
                  >
                    Alice
                  </option>
                </select>
              </label>
            </div>
            <label
              class="block space-y-1 text-sm font-medium"
            >
              Profil
              <select
                aria-label="Profil"
                class="h-9 w-full rounded-md border bg-background px-3 text-sm"
              >
                <option
                  value="viewer"
                >
                  Lesen
                </option>
                <option
                  value="triage"
                >
                  Triage
                </option>
                <option
                  value="editor"
                >
                  Bearbeiten
                </option>
                <option
                  value="sender"
                >
                  Senden
                </option>
                <option
                  value="manager"
                >
                  Verwalten
                </option>
                <option
                  value="custom"
                >
                  Benutzerdefiniert
                </option>
              </select>
            </label>
            <div
              class="grid gap-2 sm:grid-cols-2"
            >
              <label
                class="flex min-h-9 items-center gap-2 rounded-md border px-3 text-sm"
              >
                <input
                  type="checkbox"
                />
                <span>
                  Metadaten lesen
                </span>
              </label>
              <label
                class="flex min-h-9 items-center gap-2 rounded-md border px-3 text-sm"
              >
                <input
                  type="checkbox"
                />
                <span>
                  Inhalt lesen
                </span>
              </label>
              <label
                class="flex min-h-9 items-center gap-2 rounded-md border px-3 text-sm"
              >
                <input
                  type="checkbox"
                />
                <span>
                  Anhänge lesen
                </span>
              </label>
              <label
                class="flex min-h-9 items-center gap-2 rounded-md border px-3 text-sm"
              >
                <input
                  type="checkbox"
                />
                <span>
                  Verdächtige Anhänge laden
                </span>
              </label>
              <label
                class="flex min-h-9 items-center gap-2 rounded-md border px-3 text-sm"
              >
                <input
                  type="checkbox"
                />
                <span>
                  Triage
                </span>
              </label>
              <label
                class="flex min-h-9 items-center gap-2 rounded-md border px-3 text-sm"
              >
                <input
                  type="checkbox"
                />
                <span>
                  Kommentieren
                </span>
              </label>
              <label
                class="flex min-h-9 items-center gap-2 rounded-md border px-3 text-sm"
              >
                <input
                  type="checkbox"
                />
                <span>
                  Entwurf erstellen
                </span>
              </label>
              <label
                class="flex min-h-9 items-center gap-2 rounded-md border px-3 text-sm"
              >
                <input
                  type="checkbox"
                />
                <span>
                  Entwurf bearbeiten
                </span>
              </label>
              <label
                class="flex min-h-9 items-center gap-2 rounded-md border px-3 text-sm"
              >
                <input
                  type="checkbox"
                />
                <span>
                  Senden
                </span>
              </label>
              <label
                class="flex min-h-9 items-center gap-2 rounded-md border px-3 text-sm"
              >
                <input
                  type="checkbox"
                />
                <span>
                  Als Konto senden
                </span>
              </label>
              <label
                class="flex min-h-9 items-center gap-2 rounded-md border px-3 text-sm"
              >
                <input
                  type="checkbox"
                />
                <span>
                  Löschen
                </span>
              </label>
              <label
                class="flex min-h-9 items-center gap-2 rounded-md border px-3 text-sm"
              >
                <input
                  type="checkbox"
                />
                <span>
                  Exportieren
                </span>
              </label>
              <label
                class="flex min-h-9 items-center gap-2 rounded-md border px-3 text-sm"
              >
                <input
                  type="checkbox"
                />
                <span>
                  Konto verwalten
                </span>
              </label>
              <label
                class="flex min-h-9 items-center gap-2 rounded-md border px-3 text-sm"
              >
                <input
                  type="checkbox"
                />
                <span>
                  Delegation verwalten
                </span>
              </label>
            </div>
            <div
              class="flex items-center gap-2"
            >
              <button
                class="inline-flex items-center justify-center gap-2 whitespace-nowrap rounded-md text-sm font-medium ring-offset-background transition-colors focus-visible:outline-none focus-visible:ring-2 focus-visible:ring-ring focus-visible:ring-offset-2 disabled:pointer-events-none disabled:opacity-50 [&_svg]:pointer-events-none [&_svg]:size-4 [&_svg]:shrink-0 bg-primary text-primary-foreground hover:bg-primary/90 h-10 px-4 py-2"
                type="button"
              >
                <svg
                  aria-hidden="true"
                  class="lucide lucide-save mr-2 h-4 w-4"
                  fill="none"
                  height="24"
                  stroke="currentColor"
                  stroke-linecap="round"
                  stroke-linejoin="round"
                  stroke-width="2"
                  viewBox="0 0 24 24"
                  width="24"
                  xmlns="http://www.w3.org/2000/svg"
                >
                  <path
                    d="M15.2 3a2 2 0 0 1 1.4.6l3.8 3.8a2 2 0 0 1 .6 1.4V19a2 2 0 0 1-2 2H5a2 2 0 0 1-2-2V5a2 2 0 0 1 2-2z"
                  />
                  <path
                    d="M17 21v-7a1 1 0 0 0-1-1H8a1 1 0 0 0-1 1v7"
                  />
                  <path
                    d="M7 3v4a1 1 0 0 0 1 1h7"
                  />
                </svg>
                Berechtigung speichern
              </button>
              <button
                class="inline-flex items-center justify-center gap-2 whitespace-nowrap rounded-md text-sm font-medium ring-offset-background transition-colors focus-visible:outline-none focus-visible:ring-2 focus-visible:ring-ring focus-visible:ring-offset-2 disabled:pointer-events-none disabled:opacity-50 [&_svg]:pointer-events-none [&_svg]:size-4 [&_svg]:shrink-0 hover:bg-accent hover:text-accent-foreground h-10 px-4 py-2"
                type="button"
              >
                <svg
                  aria-hidden="true"
                  class="lucide lucide-refresh-cw mr-2 h-4 w-4"
                  fill="none"
                  height="24"
                  stroke="currentColor"
                  stroke-linecap="round"
                  stroke-linejoin="round"
                  stroke-width="2"
                  viewBox="0 0 24 24"
                  width="24"
                  xmlns="http://www.w3.org/2000/svg"
                >
                  <path
                    d="M3 12a9 9 0 0 1 9-9 9.75 9.75 0 0 1 6.74 2.74L21 8"
                  />
                  <path
                    d="M21 3v5h-5"
                  />
                  <path
                    d="M21 12a9 9 0 0 1-9 9 9.75 9.75 0 0 1-6.74-2.74L3 16"
                  />
                  <path
                    d="M8 16H3v5"
                  />
                </svg>
                Aktualisieren
              </button>
            </div>
          </div>
          <p
            class="text-sm text-muted-foreground"
          >
            Keine Delegationen vorhanden.
          </p>
          <div
            class="space-y-2"
          />
        </section>
      </div>
    </body>

      134 |     await act(async () => retry.resolve());
      135 |     await waitFor(() => expect(screen.getByLabelText('Konto')).toHaveValue('102'));
    > 136 |     expect(screen.getByRole('option', { name: 'Account 101' })).toHaveCount(0);
          |                   ^
      137 |     expect(screen.getByRole('button', { name: 'Berechtigung speichern' })).toBeEnabled();
      138 |     expect(screen.queryByRole('button', { name: 'Abbrechen' })).toBeNull();
      139 |

      at Object.getElementError (node_modules/.pnpm/@testing-library+dom@10.4.1/node_modules/@testing-library/dom/dist/config.js:37:19)
      at node_modules/.pnpm/@testing-library+dom@10.4.1/node_modules/@testing-library/dom/dist/query-helpers.js:76:38
      at node_modules/.pnpm/@testing-library+dom@10.4.1/node_modules/@testing-library/dom/dist/query-helpers.js:52:17
      at node_modules/.pnpm/@testing-library+dom@10.4.1/node_modules/@testing-library/dom/dist/query-helpers.js:95:19
      at Object.getByRole (tests/unit/mail-delegation-panel.test.tsx:136:19)

Test Suites: 1 failed, 1 total
Tests:       1 failed, 3 passed, 4 total
Snapshots:   0 total
Time:        2.259 s, estimated 3 s
Ran all test suites within paths "tests/unit/mail-delegation-panel.test.tsx".
